<?xml version="1.0" encoding="UTF-8"?>
<testng-results skipped="0" failed="0" total="1" passed="1">
  <reporter-output>
  </reporter-output>
  <suite name="Suite" duration-ms="11955" started-at="2019-08-19T05:51:13Z" finished-at="2019-08-19T05:51:25Z">
    <groups>
    </groups>
    <test name="Test" duration-ms="11955" started-at="2019-08-19T05:51:13Z" finished-at="2019-08-19T05:51:25Z">
      <class name="com.selenium.learning.selenium.Google">
        <test-method status="PASS" signature="setUp()[pri:0, instance:com.selenium.learning.selenium.Google@457e2f02]" name="setUp" is-config="true" duration-ms="11322" started-at="2019-08-19T06:51:13Z" finished-at="2019-08-19T06:51:24Z">
          <reporter-output>
          </reporter-output>
        </test-method> <!-- setUp -->
        <test-method status="PASS" signature="testcase01()[pri:0, instance:com.selenium.learning.selenium.Google@457e2f02]" name="testcase01" duration-ms="8" started-at="2019-08-19T06:51:24Z" finished-at="2019-08-19T06:51:24Z">
          <reporter-output>
          </reporter-output>
        </test-method> <!-- testcase01 -->
        <test-method status="PASS" signature="tearDown()[pri:0, instance:com.selenium.learning.selenium.Google@457e2f02]" name="tearDown" is-config="true" duration-ms="608" started-at="2019-08-19T06:51:24Z" finished-at="2019-08-19T06:51:25Z">
          <reporter-output>
          </reporter-output>
        </test-method> <!-- tearDown -->
      </class> <!-- com.selenium.learning.selenium.Google -->
    </test> <!-- Test -->
  </suite> <!-- Suite -->
</testng-results>
